c:\users\senuk\source\repos\raytracing\cudaraytracinginoneweekend\cudaraytracinginoneweekend\x64\debug\vc143.pdb
c:\users\senuk\source\repos\raytracing\cudaraytracinginoneweekend\cudaraytracinginoneweekend\x64\debug\vc143.idb
c:\users\senuk\source\repos\raytracing\cudaraytracinginoneweekend\cudaraytracinginoneweekend\x64\debug\aabb.obj
c:\users\senuk\source\repos\raytracing\cudaraytracinginoneweekend\cudaraytracinginoneweekend\x64\debug\main.cu.obj
c:\users\senuk\source\repos\raytracing\cudaraytracinginoneweekend\x64\debug\cudaraytracinginoneweekend.lib
c:\users\senuk\source\repos\raytracing\cudaraytracinginoneweekend\x64\debug\cudaraytracinginoneweekend.exp
c:\users\senuk\source\repos\raytracing\cudaraytracinginoneweekend\x64\debug\cudaraytracinginoneweekend.exe
c:\users\senuk\source\repos\raytracing\cudaraytracinginoneweekend\cudaraytracinginoneweekend\x64\debug\cudaraytracinginoneweekend.ilk
c:\users\senuk\source\repos\raytracing\cudaraytracinginoneweekend\x64\debug\cudaraytracinginoneweekend.pdb
c:\users\senuk\source\repos\raytracing\cudaraytracinginoneweekend\cudaraytracinginoneweekend\x64\debug\main.cu.cache
c:\users\senuk\source\repos\raytracing\cudaraytracinginoneweekend\cudaraytracinginoneweekend\x64\debug\cudarayt.d10c0424.tlog\cl.command.1.tlog
c:\users\senuk\source\repos\raytracing\cudaraytracinginoneweekend\cudaraytracinginoneweekend\x64\debug\cudarayt.d10c0424.tlog\cl.items.tlog
c:\users\senuk\source\repos\raytracing\cudaraytracinginoneweekend\cudaraytracinginoneweekend\x64\debug\cudarayt.d10c0424.tlog\cl.read.1.tlog
c:\users\senuk\source\repos\raytracing\cudaraytracinginoneweekend\cudaraytracinginoneweekend\x64\debug\cudarayt.d10c0424.tlog\cl.write.1.tlog
c:\users\senuk\source\repos\raytracing\cudaraytracinginoneweekend\cudaraytracinginoneweekend\x64\debug\cudarayt.d10c0424.tlog\cudacompile.read.1u.tlog
c:\users\senuk\source\repos\raytracing\cudaraytracinginoneweekend\cudaraytracinginoneweekend\x64\debug\cudarayt.d10c0424.tlog\cudacompile.write.1u.tlog
c:\users\senuk\source\repos\raytracing\cudaraytracinginoneweekend\cudaraytracinginoneweekend\x64\debug\cudarayt.d10c0424.tlog\link.command.1.tlog
c:\users\senuk\source\repos\raytracing\cudaraytracinginoneweekend\cudaraytracinginoneweekend\x64\debug\cudarayt.d10c0424.tlog\link.read.1.tlog
c:\users\senuk\source\repos\raytracing\cudaraytracinginoneweekend\cudaraytracinginoneweekend\x64\debug\cudarayt.d10c0424.tlog\link.write.1.tlog
c:\users\senuk\source\repos\raytracing\cudaraytracinginoneweekend\cudaraytracinginoneweekend\x64\debug\cudarayt.d10c0424.tlog\link.write.2u.tlog
